Log file open, 06/29/17 10:33:05
LogInit:Display: Running engine for game: SandVox
LogPlatformFile: Not using cached read wrapper
LogInit:Display: RandInit(1892470818) SRandInit(1892470818).
LogTaskGraph: Started task graph with 5 named threads and 8 total threads with 1 sets of task threads.
LogStats: Stats thread started at 0.096456
LogInit: Using libcurl 7.47.1
LogInit:  - built for x86_64-pc-win32
LogInit:  - supports SSL with OpenSSL/1.0.2g
LogInit:  - supports HTTP deflate (compression) using libz 1.2.8
LogInit:  - other features:
LogInit:      CURL_VERSION_SSL
LogInit:      CURL_VERSION_LIBZ
LogInit:      CURL_VERSION_IPV6
LogInit:      CURL_VERSION_ASYNCHDNS
LogInit:      CURL_VERSION_LARGEFILE
LogInit:      CURL_VERSION_IDN
LogInit:  CurlRequestOptions (configurable via config and command line):
LogInit:  - bVerifyPeer = false  - Libcurl will NOT verify peer certificate
LogInit:  - bUseHttpProxy = false  - Libcurl will NOT use HTTP proxy
LogInit:  - bDontReuseConnections = false  - Libcurl will reuse connections
LogInit:  - CertBundlePath = nullptr  - Libcurl will use whatever was configured at build time.
LogInit: Build: ++UE4+Release-4.16-CL-3466753
LogInit: Engine Version: 4.16.1-3466753+++UE4+Release-4.16
LogInit: Compatible Engine Version: 4.16.0-3452394+++UE4+Release-4.16
LogInit: Net CL: 3452394
LogDevObjectVersion: Number of dev versions registered: 16
LogDevObjectVersion:   Dev-Blueprints (B0D832E4-1F89-4F0D-ACCF-7EB736FD4AA2): 9
LogDevObjectVersion:   Dev-Build (E1C64328-A22C-4D53-A36C-8E866417BD8C): 0
LogDevObjectVersion:   Dev-Core (375EC13C-06E4-48FB-B500-84F0262A717E): 2
LogDevObjectVersion:   Dev-Editor (E4B068ED-F494-42E9-A231-DA0B2E46BB41): 17
LogDevObjectVersion:   Dev-Framework (CFFC743F-43B0-4480-9391-14DF171D2073): 23
LogDevObjectVersion:   Dev-Mobile (B02B49B5-BB20-44E9-A304-32B752E40360): 0
LogDevObjectVersion:   Dev-Networking (A4E4105C-59A1-49B5-A7C5-40C4547EDFEE): 0
LogDevObjectVersion:   Dev-Online (39C831C9-5AE6-47DC-9A44-9C173E1C8E7C): 0
LogDevObjectVersion:   Dev-Physics (78F01B33-EBEA-4F98-B9B4-84EACCB95AA2): 0
LogDevObjectVersion:   Dev-Platform (6631380F-2D4D-43E0-8009-CF276956A95A): 0
LogDevObjectVersion:   Dev-Rendering (12F88B9F-8875-4AFC-A67C-D90C383ABD29): 15
LogDevObjectVersion:   Dev-Sequencer (7B5AE74C-D270-4C10-A958-57980B212A5A): 4
LogDevObjectVersion:   Dev-VR (D7296918-1DD6-4BDD-9DE2-64A83CC13884): 0
LogDevObjectVersion:   Dev-LoadTimes (C2A15278-BFE7-4AFE-6C17-90FF531DF755): 1
LogDevObjectVersion:   Private-Geometry (6EACA3D4-40EC-4CC1-B786-8BED09428FC5): 1
LogDevObjectVersion:   Dev-AnimPhys (29E575DD-E0A3-4627-9D10-D276232CDCEA): 3
LogInit: Compiled (64-bit): May 31 2017 02:03:30
LogInit: Compiled with Visual C++: 19.00.24215.01
LogInit: Build Configuration: Development
LogInit: Branch Name: ++UE4+Release-4.16
LogInit: Command line: -EpicPortal 
LogInit: Base directory: C:/Program Files/Epic Games/UE_4.16/Engine/Binaries/Win64/
LogInit: Installed Engine Build: 1
LogInit: Presizing for max 8388607 objects, including 0 objects not considered by GC, pre-allocating 0 bytes for permanent pool.
LogInit: Object subsystem initialized
[2017.06.29-14.33.05:837][  0]LogInit: Selected Device Profile: [Windows]
[2017.06.29-14.33.05:837][  0]LogInit: Applying CVar settings loaded from the selected device profile: [Windows]
[2017.06.29-14.33.05:848][  0]LogInit: Computer: AMELIA
[2017.06.29-14.33.05:848][  0]LogInit: User: Craig
[2017.06.29-14.33.05:848][  0]LogInit: CPU Page size=4096, Cores=4
[2017.06.29-14.33.05:848][  0]LogInit: High frequency timer resolution =2.435779 MHz
[2017.06.29-14.33.05:848][  0]LogMemory: Memory total: Physical=11.9GB (12GB approx)
[2017.06.29-14.33.05:848][  0]LogMemory: Platform Memory Stats for Windows
[2017.06.29-14.33.05:848][  0]LogMemory: Process Physical Memory: 273.34 MB used, 273.34 MB peak
[2017.06.29-14.33.05:848][  0]LogMemory: Process Virtual Memory: 260.88 MB used, 260.88 MB peak
[2017.06.29-14.33.05:848][  0]LogMemory: Physical Memory: 6328.48 MB used,  5876.80 MB free, 12205.28 MB total
[2017.06.29-14.33.05:848][  0]LogMemory: Virtual Memory: 638.46 MB used,  5876.80 MB free, 134217728.00 MB total
[2017.06.29-14.33.05:913][  0]LogInit: Using OS detected language (en-US).
[2017.06.29-14.33.05:913][  0]LogInit: Using OS detected locale (en-US).
[2017.06.29-14.33.05:916][  0]LogTextLocalizationManager: No specific localization for 'en-US' exists, so the 'en' localization will be used.
[2017.06.29-14.33.06:831][  0]LogD3D11RHI: D3D11 adapters:
[2017.06.29-14.33.06:873][  0]LogD3D11RHI:    0. 'NVIDIA GeForce GTX 850M' (Feature Level 11_0)
[2017.06.29-14.33.06:873][  0]LogD3D11RHI:       2019/0/6102 MB DedicatedVideo/DedicatedSystem/SharedSystem, Outputs:1, VendorId:0x10de
[2017.06.29-14.33.06:878][  0]LogD3D11RHI:    1. 'Intel(R) HD Graphics 4600' (Feature Level 11_0)
[2017.06.29-14.33.06:878][  0]LogD3D11RHI:       112/0/2048 MB DedicatedVideo/DedicatedSystem/SharedSystem, Outputs:0, VendorId:0x8086
[2017.06.29-14.33.06:879][  0]LogD3D11RHI:    2. 'Microsoft Basic Render Driver' (Feature Level 11_0)
[2017.06.29-14.33.06:879][  0]LogD3D11RHI:       0/0/6102 MB DedicatedVideo/DedicatedSystem/SharedSystem, Outputs:0, VendorId:0x1414
[2017.06.29-14.33.06:879][  0]LogD3D11RHI: Chosen D3D11 Adapter: 0
[2017.06.29-14.33.06:885][  0]LogD3D11RHI: Creating new Direct3DDevice
[2017.06.29-14.33.06:885][  0]LogD3D11RHI:     GPU DeviceId: 0x1391 (for the marketing name, search the web for "GPU Device Id")
[2017.06.29-14.33.06:885][  0]LogWindows: EnumDisplayDevices:
[2017.06.29-14.33.06:885][  0]LogWindows:    0. 'Intel(R) HD Graphics 4600' (P:1 D:1)
[2017.06.29-14.33.06:885][  0]LogWindows:    1. 'Intel(R) HD Graphics 4600' (P:0 D:0)
[2017.06.29-14.33.06:885][  0]LogWindows:    2. 'Intel(R) HD Graphics 4600' (P:0 D:0)
[2017.06.29-14.33.06:885][  0]LogWindows: DebugString: PrimaryIsNotTheChoosenAdapter PrimaryIsNotTheChoosenAdapter PrimaryIsNotTheChoosenAdapter FoundDriverCount:0 
[2017.06.29-14.33.06:885][  0]LogD3D11RHI:     Adapter Name: NVIDIA GeForce GTX 850M
[2017.06.29-14.33.06:885][  0]LogD3D11RHI:   Driver Version: Unknown (internal:Unknown, unified:Unknown)
[2017.06.29-14.33.06:885][  0]LogD3D11RHI:      Driver Date: Unknown
[2017.06.29-14.33.06:885][  0]LogRHI: Texture pool is 1361 MB (70% of 1945 MB)
[2017.06.29-14.33.06:915][  0]LogD3D11RHI: Async texture creation enabled
[2017.06.29-14.33.06:926][  0]LogD3D11RHI: GPU Timing Frequency: 1000.000000 (Debug: 2 1)
[2017.06.29-14.33.06:927][  0]LogShaderCompilers: Guid format shader working directory is 13 characters bigger than the processId version (D:/Coding/SandVox/sandvox/SandVox/Intermediate/Shaders/WorkingDirectory/9724/).
[2017.06.29-14.33.06:927][  0]LogShaderCompilers: Cleaned the shader compiler working directory 'C:/Users/Craig/AppData/Local/Temp/UnrealShaderWorkingDir/F8B5D4E044FD933D4B6CE5B25F1BC9E2/'.
[2017.06.29-14.33.06:927][  0]LogShaderCompilers:Display: Using Local Shader Compiler.
[2017.06.29-14.33.07:974][  0]LogTemp:Display: Loaded TP AllDesktopTargetPlatform
[2017.06.29-14.33.08:032][  0]LogTemp:Display: Loaded TP MacClientTargetPlatform
[2017.06.29-14.33.08:082][  0]LogTemp:Display: Loaded TP MacNoEditorTargetPlatform
[2017.06.29-14.33.08:132][  0]LogTemp:Display: Loaded TP MacServerTargetPlatform
[2017.06.29-14.33.08:181][  0]LogTemp:Display: Loaded TP MacTargetPlatform
[2017.06.29-14.33.08:230][  0]LogTemp:Display: Loaded TP WindowsClientTargetPlatform
[2017.06.29-14.33.08:283][  0]LogTemp:Display: Loaded TP WindowsNoEditorTargetPlatform
[2017.06.29-14.33.08:338][  0]LogTemp:Display: Loaded TP WindowsServerTargetPlatform
[2017.06.29-14.33.08:391][  0]LogTemp:Display: Loaded TP WindowsTargetPlatform
[2017.06.29-14.33.08:439][  0]LogTemp:Display: Loaded TP AndroidTargetPlatform
[2017.06.29-14.33.08:487][  0]LogTemp:Display: Loaded TP Android_ASTCTargetPlatform
[2017.06.29-14.33.08:534][  0]LogTemp:Display: Loaded TP Android_ATCTargetPlatform
[2017.06.29-14.33.08:580][  0]LogTemp:Display: Loaded TP Android_DXTTargetPlatform
[2017.06.29-14.33.08:627][  0]LogTemp:Display: Loaded TP Android_ETC1TargetPlatform
[2017.06.29-14.33.08:673][  0]LogTemp:Display: Loaded TP Android_ETC2TargetPlatform
[2017.06.29-14.33.08:768][  0]LogTemp:Display: Loaded TP Android_MultiTargetPlatform
[2017.06.29-14.33.08:768][  0]LogTemp:Display: Loaded TP Android_PVRTCTargetPlatform
[2017.06.29-14.33.08:806][  0]LogTemp:Display: Loaded TP HTML5TargetPlatform
[2017.06.29-14.33.08:894][  0]LogTemp:Display: Loaded TP IOSTargetPlatform
[2017.06.29-14.33.08:923][  0]LogTemp:Display: Loaded TP TVOSTargetPlatform
[2017.06.29-14.33.08:970][  0]LogTemp:Display: Loaded TP LinuxClientTargetPlatform
[2017.06.29-14.33.09:017][  0]LogTemp:Display: Loaded TP LinuxNoEditorTargetPlatform
[2017.06.29-14.33.09:064][  0]LogTemp:Display: Loaded TP LinuxServerTargetPlatform
[2017.06.29-14.33.09:111][  0]LogTemp:Display: Loaded TP LinuxTargetPlatform
[2017.06.29-14.33.09:111][  0]LogTargetPlatformManager:Display: Building Assets For Windows
[2017.06.29-14.33.10:032][  0]LogDerivedDataCache:Display: Max Cache Size: 512 MB
[2017.06.29-14.33.10:131][  0]LogDerivedDataCache: Loaded boot cache 0.10s 90MB C:/Users/Craig/AppData/Local/UnrealEngine/4.16/DerivedDataCache/Boot.ddc.
[2017.06.29-14.33.10:131][  0]LogDerivedDataCache:Display: Loaded Boot cache: C:/Users/Craig/AppData/Local/UnrealEngine/4.16/DerivedDataCache/Boot.ddc
[2017.06.29-14.33.10:131][  0]LogDerivedDataCache: FDerivedDataBackendGraph:  Pak pak cache file D:/Coding/SandVox/sandvox/SandVox/DerivedDataCache/DDC.ddp not found, will not use a pak cache.
[2017.06.29-14.33.10:131][  0]LogDerivedDataCache: Unable to find inner node Pak for hierarchical cache Hierarchy.
[2017.06.29-14.33.10:131][  0]LogDerivedDataCache: FDerivedDataBackendGraph:  CompressedPak pak cache file D:/Coding/SandVox/sandvox/SandVox/DerivedDataCache/Compressed.ddp not found, will not use a pak cache.
[2017.06.29-14.33.10:131][  0]LogDerivedDataCache: Unable to find inner node CompressedPak for hierarchical cache Hierarchy.
[2017.06.29-14.33.10:147][  0]LogDerivedDataCache:Display: Pak cache opened for reading ../../../Engine/DerivedDataCache/Compressed.ddp.
[2017.06.29-14.33.10:159][  0]LogDerivedDataCache: Using Local data cache path C:/Users/Craig/AppData/Local/UnrealEngine/Common/DerivedDataCache: Writable
[2017.06.29-14.33.10:169][  0]LogMaterial: Verifying Global Shaders for PCD3D_SM5
[2017.06.29-14.33.10:169][  0]LogSlate: Using Freetype 2.6.0
[2017.06.29-14.33.10:169][  0]LogSlate: SlateFontCache - WITH_FREETYPE: 1, WITH_HARFBUZZ: 1
[2017.06.29-14.33.10:170][  0]LogSlate: SlateFontCache - WITH_FREETYPE: 1, WITH_HARFBUZZ: 1
[2017.06.29-14.33.10:471][  0]LogInit: Selected Device Profile: [Windows]
[2017.06.29-14.33.10:547][  0]LogContentStreaming: Texture pool size is 0.00 MB
[2017.06.29-14.33.10:706][  0]LogMeshUtilities: Using QuadricMeshReduction for automatic static mesh reduction
[2017.06.29-14.33.10:748][  0]LogSimplygon: Simplygon DLL not present - disabling.
[2017.06.29-14.33.10:795][  0]LogMeshUtilities: Using SimplygonSwarm for distributed automatic mesh merging
[2017.06.29-14.33.10:795][  0]LogMeshUtilities: No automatic skeletal mesh reduction module available
[2017.06.29-14.33.10:795][  0]LogMeshUtilities: No automatic mesh merging module available
[2017.06.29-14.33.11:335][  0]LogNetVersion: SandVox , NetCL: 3452394, EngineNetVer: 2, GameNetVer: 0 (Checksum: 3064819137)
[2017.06.29-14.33.11:397][  0]LogAssetRegistry: FAssetRegistry took 0.0258 seconds to start up
[2017.06.29-14.33.11:472][  0]LogPackageLocalizationCache: Processed 4 localized package path(s) for 2 prioritized culture(s) in 0.049169 seconds
[2017.06.29-14.33.11:478][  0]LogUObjectArray: 34194 objects as part of root set at end of initial load.
[2017.06.29-14.33.11:478][  0]LogUObjectAllocator: 7260416 out of 0 bytes used by permanent object pool.
[2017.06.29-14.33.11:478][  0]LogUObjectArray: CloseDisregardForGC: 0/0 objects in disregard for GC pool
[2017.06.29-14.33.11:546][  0]LogInit: WinSock: version 1.1 (2.2), MaxSocks=32767, MaxUdp=65467
[2017.06.29-14.33.14:017][  0]LogTcpMessaging: Initializing TcpMessaging bridge
[2017.06.29-14.33.14:057][  0]LogUdpMessaging: Initializing bridge on interface 0.0.0.0:0 to multicast group 230.0.0.1:6666.
[2017.06.29-14.33.14:579][  0]LogMaterial: Uniform references updated for custom material expression Custom.
[2017.06.29-14.33.14:974][  0]SourceControl: Info Source control is disabled
[2017.06.29-14.33.15:004][  0]SourceControl: Info Source control is disabled
[2017.06.29-14.33.15:051][  0]SourceControl: Info Source control is disabled
[2017.06.29-14.33.15:097][  0]SourceControl: Info Source control is disabled
[2017.06.29-14.33.15:783][  0]LogAndroidPermission: UAndroidPermissionCallbackProxy::GetInstance
[2017.06.29-14.33.16:376][  0]LogEngine: Initializing Engine...
[2017.06.29-14.33.16:376][  0]LogHMD: Failed to initialize OpenVR with code 110
[2017.06.29-14.33.16:575][  0]LogStats: UGameplayTagsManager::ConstructGameplayTagTree: Construct from data asset -  0.000 s
[2017.06.29-14.33.16:575][  0]LogStats: UGameplayTagsManager::ConstructGameplayTagTree: GameplayTagTreeChangedEvent.Broadcast -  0.000 s
[2017.06.29-14.33.16:702][  0]LogAIModule: Creating AISystem for world Untitled
[2017.06.29-14.33.16:707][  0]LogInit: XAudio2 using 'Speakers (Realtek High Definition Audio)' : 2 channels at 48 kHz using 32 bits per sample (channel mask 0x3)
[2017.06.29-14.33.16:740][  0]LogInit: FAudioDevice initialized.
[2017.06.29-14.33.16:788][  0]LogDerivedDataCache: Saved boot cache 0.05s 90MB C:/Users/Craig/AppData/Local/UnrealEngine/4.16/DerivedDataCache/Boot.ddc.
[2017.06.29-14.33.16:798][  0]LogInit: Texture streaming: Enabled
[2017.06.29-14.33.16:893][  0]LogEngineSessionManager: EngineSessionManager initialized
[2017.06.29-14.33.17:110][  0]LogInit: Transaction tracking system initialized
[2017.06.29-14.33.17:409][  0]BlueprintLog: New page: Editor Load
[2017.06.29-14.33.18:315][  0]LocalizationService: Info Localization service is disabled
[2017.06.29-14.33.19:004][  0]LogConsoleResponse:Display: 
[2017.06.29-14.33.19:164][  0]LogCook:Display: Max memory allowance for cook 16384mb min free memory 0mb
[2017.06.29-14.33.19:164][  0]LogFileCache: Scanning file cache for directory 'D:/Coding/SandVox/sandvox/SandVox/Content/' took 0.01s
[2017.06.29-14.33.19:164][  0]LogCook:Display: Mobile HDR setting 1
[2017.06.29-14.33.20:165][  0]SourceControl: Info Source control is disabled
[2017.06.29-14.33.20:165][  0]Cmd: MAP LOAD FILE="../../../Engine/Content/Maps/Templates/Template_Default.umap" TEMPLATE=1 SHOWPROGRESS=1 FEATURELEVEL=3
[2017.06.29-14.33.20:165][  0]LightingResults: New page: Lighting Build
[2017.06.29-14.33.20:206][  0]MapCheck: New page: Map Check
[2017.06.29-14.33.20:206][  0]LightingResults: New page: Lighting Build
[2017.06.29-14.33.20:414][  0]LogAIModule: Creating AISystem for world Untitled_1
[2017.06.29-14.33.20:414][  0]LogActorComponent: RegisterComponentWithWorld: (/Temp/Untitled_1.Untitled_1:PersistentLevel.WorldSettings_1.StaticMeshComponent0) Trying to register component with IsPendingKill() == true. Aborting.
[2017.06.29-14.33.20:419][  0]LogEditorServer: Finished looking for orphan Actors (0.000 secs)
[2017.06.29-14.33.20:438][  0]Cmd: MAP CHECKDEP NOCLEARLOG
[2017.06.29-14.33.20:490][  0]MapCheck: Info Map check complete: 0 Error(s), 0 Warning(s), took 52.002ms to complete.
[2017.06.29-14.33.20:490][  0]LogFileHelpers: Loading map 'Template_Default' took 0.325
[2017.06.29-14.33.20:965][  0]LogCollectionManager: Loaded 0 collections in 0.001915 seconds
[2017.06.29-14.33.21:140][  0]LogFileCache: Scanning file cache for directory 'D:/Coding/SandVox/sandvox/SandVox/Saved/Collections/' took 0.01s
[2017.06.29-14.33.21:140][  0]LogFileCache: Scanning file cache for directory 'D:/Coding/SandVox/sandvox/SandVox/Content/Developers/Craig/Collections/' took 0.01s
[2017.06.29-14.33.21:140][  0]LogFileCache: Scanning file cache for directory 'D:/Coding/SandVox/sandvox/SandVox/Content/Collections/' took 0.01s
[2017.06.29-14.33.21:140][  0]LogCollectionManager: Rebuilt the GUID cache for 0 collections in 0.000002 seconds
[2017.06.29-14.33.21:167][  0]LogContentBrowser: Native class hierarchy populated in 0.0097 seconds. Added 2329 classes and 491 folders.
[2017.06.29-14.33.21:265][  0]LogContentBrowser: Native class hierarchy updated for 'WidgetCarousel' in 0.0005 seconds. Added 0 classes and 0 folders.
[2017.06.29-14.33.21:453][  0]LogContentBrowser: Native class hierarchy updated for 'AddContentDialog' in 0.0006 seconds. Added 0 classes and 0 folders.
[2017.06.29-14.33.21:637][  0]LogContentBrowser: Native class hierarchy updated for 'SceneOutliner' in 0.0007 seconds. Added 1 classes and 2 folders.
[2017.06.29-14.33.22:193][  0]LogCrashTracker: Crashtracker disabled due to settings.
[2017.06.29-14.33.22:272][  0]LogSlate: Took 0.000247 seconds to synchronously load lazily loaded font '../../../Engine/Content/Slate/Fonts/Roboto-Regular.ttf' (155K)
[2017.06.29-14.33.22:275][  0]LogSlate: Took 0.000197 seconds to synchronously load lazily loaded font '../../../Engine/Content/Slate/Fonts/Roboto-Bold.ttf' (160K)
[2017.06.29-14.33.22:318][  0]LogSlate: Took 0.018844 seconds to synchronously load lazily loaded font '../../../Engine/Content/Editor/Slate/Fonts/FontAwesome.ttf' (139K)
[2017.06.29-14.33.22:588][  0]LogRenderer: Reallocating scene render targets to support 1208x576 NumSamples 1 (Frame:1).
[2017.06.29-14.33.23:444][  0]LogContentBrowser: Native class hierarchy updated for 'HierarchicalLODOutliner' in 0.0006 seconds. Added 1 classes and 2 folders.
[2017.06.29-14.33.23:444][  0]LogLoad: (Engine Initialization) Total time: 19.23 seconds
[2017.06.29-14.33.23:444][  0]LogLoad: (Engine Initialization) Total Blueprint compile time: 0.09 seconds
[2017.06.29-14.33.23:444][  0]LogExternalProfiler: Found external profiler: VSPerf
[2017.06.29-14.33.23:444][  0]LogExternalProfiler: Using external profiler: VSPerf
[2017.06.29-14.33.23:784][  0]LogOcInput: OculusInput pre-init called
[2017.06.29-14.33.23:784][  0]LogHMD: Starting GearVRController plugin
[2017.06.29-14.33.23:857][  0]LogAssetRegistry: Asset discovery search completed in 12.4824 seconds
[2017.06.29-14.33.23:858][  0]LogCollectionManager: Rebuilt the object cache for 0 collections in 0.000000 seconds (found 0 objects)
[2017.06.29-14.33.23:858][  0]LogCollectionManager: Fixed up redirectors for 0 collections in 0.000021 seconds (updated 0 objects)
[2017.06.29-14.33.23:880][  0]LogContentStreaming: Texture pool size now 1000 MB
[2017.06.29-14.33.23:932][  0]LogSlate: Took 0.011057 seconds to synchronously load lazily loaded font '../../../Engine/Content/Slate/Fonts/Roboto-Light.ttf' (159K)
[2017.06.29-14.39.17:154][205]LogSlate: Took 0.000148 seconds to synchronously load lazily loaded font '../../../Engine/Content/Slate/Fonts/Roboto-Light.ttf' (159K)
[2017.06.29-14.39.17:226][205]LogLinker:Warning: Can't find file '/Game/Main_BuiltData'
[2017.06.29-14.39.17:226][205]LogLinker:Warning: Can't find file for asset '/Game/Main_BuiltData' while loading D:/Coding/SandVox/sandvox/SandVox/Content/Main.umap.
[2017.06.29-14.39.17:226][205]LoadErrors:Error: Error /Game/Main : Can't find file for asset. /Game/Main_BuiltData
[2017.06.29-14.39.17:228][205]LogLinker:Warning: Can't find file '/Game/Main_BuiltData'
[2017.06.29-14.39.17:228][205]LogLinker:Warning: Can't find file for asset '/Game/Main_BuiltData' while loading D:/Coding/SandVox/sandvox/SandVox/Content/Main.umap.
[2017.06.29-14.39.17:230][205]LogLinker:Warning: Can't find file '/Game/Main_BuiltData'
[2017.06.29-14.39.17:230][205]LogLinker:Warning: Can't find file for asset '/Game/Main_BuiltData' while loading NULL.
[2017.06.29-14.39.17:230][205]LogLinker:Warning: Can't find file '/Game/Main_BuiltData'
[2017.06.29-14.39.17:230][205]LogLinker:Warning: Can't find file for asset '/Game/Main_BuiltData' while loading NULL.
[2017.06.29-14.39.17:256][205]LogLinker:Warning: Can't find file '/Game/Main_BuiltData'
[2017.06.29-14.39.17:256][205]LoadErrors: Info Failed to load /Game/Main_BuiltData.Main_BuiltData Referenced by PersistentLevel
[2017.06.29-14.39.17:256][205]LogLinker:Warning: Can't find file for asset '/Game/Main_BuiltData' while loading NULL.
[2017.06.29-14.39.17:275][205]LogAIModule: Creating AISystem for world Main
[2017.06.29-14.39.17:304][205]Cmd: MAP LOAD FILE="D:/Coding/SandVox/sandvox/SandVox/Content/Main.umap" TEMPLATE=0 SHOWPROGRESS=1 FEATURELEVEL=3
[2017.06.29-14.39.17:304][205]LightingResults: New page: Lighting Build
[2017.06.29-14.39.17:305][205]LoadErrors: New page: Loading map: Main.umap
[2017.06.29-14.39.17:305][205]MapCheck: New page: Map Check
[2017.06.29-14.39.17:305][205]LightingResults: New page: Lighting Build
[2017.06.29-14.39.17:352][205]LogEditorServer: Finished looking for orphan Actors (0.000 secs)
[2017.06.29-14.39.17:382][205]Cmd: MAP CHECKDEP NOCLEARLOG
[2017.06.29-14.39.17:430][205]MapCheck: Info Map check complete: 0 Error(s), 0 Warning(s), took 48.525ms to complete.
[2017.06.29-14.39.17:430][205]LogFileHelpers: Loading map 'Main' took 0.127
[2017.06.29-15.38.28:617][604]LogMaterial: Missing cached shader map for material SelectionBox_Mat, compiling. 
[2017.06.29-15.38.28:932][604]LogMaterial: Missing cached shader map for material SelectionBox_Mat, compiling. 
[2017.06.29-15.38.28:949][604]LogMaterial: Missing cached shader map for material SelectionBox_Mat, compiling. 
[2017.06.29-15.38.29:063][604]LogSlate: Took 0.058783 seconds to synchronously load lazily loaded font '../../../Engine/Content/Editor/Slate/Fonts/Roboto-BoldCondensed.ttf' (158K)
[2017.06.29-15.38.32:444][713]MaterialEditorStats: Info Base pass shader: 78 instructions
[2017.06.29-15.38.32:444][713]MaterialEditorStats: Info Vertex shader: 29 instructions
[2017.06.29-15.38.32:444][713]MaterialEditorStats: Info Texture samplers: 1/16
[2017.06.29-15.38.53:172][ 72]LogSlate: Took 0.003467 seconds to synchronously load lazily loaded font '../../../Engine/Content/Slate/Fonts/Roboto-Light.ttf' (159K)
[2017.06.29-15.39.02:130][ 99]LogFileHelpers: Editor autosave (incl. sublevels) for '/Game/Main' took 0.010
[2017.06.29-15.39.02:163][ 99]OBJ SavePackage: Generating thumbnails for [1] asset(s) in package [/Game/SelectionBox_Mat] ([1] browsable assets)...
[2017.06.29-15.39.02:202][ 99]OBJ SavePackage:     Rendered thumbnail for [Material /Game/SelectionBox_Mat.SelectionBox_Mat]
[2017.06.29-15.39.02:202][ 99]OBJ SavePackage: Finished generating thumbnails for package [/Game/SelectionBox_Mat]
[2017.06.29-15.39.02:202][ 99]Cmd: OBJ SAVEPACKAGE PACKAGE="/Game/SelectionBox_Mat" FILE="D:/Coding/SandVox/sandvox/SandVox/Saved/Autosaves/Game/SelectionBox_Mat_Auto1.uasset" SILENT=false AUTOSAVING=true
[2017.06.29-15.39.02:254][ 99]LogSavePackage: Save=37.87ms
[2017.06.29-15.39.02:254][ 99]LogSavePackage: Moving 'D:/Coding/SandVox/sandvox/SandVox/Saved/SelectionBox_Mat_Auto108771D5C41E532142AFA2B8B1A623407.tmp' to 'D:/Coding/SandVox/sandvox/SandVox/Saved/Autosaves/Game/SelectionBox_Mat_Auto1.uasset'
[2017.06.29-15.39.02:255][ 99]LogSavePackage:Display: Finished SavePackage D:/Coding/SandVox/sandvox/SandVox/Saved/Autosaves/Game/SelectionBox_Mat_Auto1.uasset
[2017.06.29-15.39.02:255][ 99]LogFileHelpers: Auto-saving content packages took 0.123
[2017.06.29-15.41.53:391][702]LogFactory: FactoryCreateFile: Texture with ReimportTextureFactory (0 0 ../../../../../../Users/Craig/Desktop/sandbox.png)
[2017.06.29-15.41.53:418][702]LogTexture:Display: Building textures: sandbox (AutoDXT, 256X256)
[2017.06.29-15.42.04:835][366]LogMaterial: Missing cached shader map for material PreviewMaterial_0, compiling. 
[2017.06.29-15.42.04:916][366]LogMaterial: Missing cached shader map for material PreviewMaterial_0, compiling. 
[2017.06.29-15.42.04:928][366]LogMaterial: Missing cached shader map for material PreviewMaterial_0, compiling. 
[2017.06.29-15.42.06:407][426]MaterialEditorStats: Info Base pass shader: 78 instructions
[2017.06.29-15.42.06:408][426]MaterialEditorStats: Info Vertex shader: 29 instructions
[2017.06.29-15.42.06:408][426]MaterialEditorStats: Info Texture samplers: 1/16
[2017.06.29-15.42.25:557][ 98]LogMaterial: Missing cached shader map for material PreviewMaterial_1, compiling. 
[2017.06.29-15.42.25:643][ 98]LogMaterial: Missing cached shader map for material PreviewMaterial_1, compiling. 
[2017.06.29-15.42.25:658][ 98]LogMaterial: Missing cached shader map for material PreviewMaterial_1, compiling. 
[2017.06.29-15.42.26:812][142]MaterialEditorStats: Info Base pass shader: 78 instructions
[2017.06.29-15.42.26:812][142]MaterialEditorStats: Info Vertex shader: 29 instructions
[2017.06.29-15.42.26:812][142]MaterialEditorStats: Info Texture samplers: 1/16
[2017.06.29-15.42.29:445][248]LogMaterial: Missing cached shader map for material PreviewMaterial_1, compiling. 
[2017.06.29-15.42.29:457][248]LogMaterial: Missing cached shader map for material FMatExpressionPreview MaterialExpressionTextureSample_0, compiling. 
[2017.06.29-15.42.29:492][248]LogMaterial: Missing cached shader map for material FMatExpressionPreview MaterialExpressionTextureSample_0, compiling. 
[2017.06.29-15.42.30:595][288]MaterialEditorStats: Info Base pass shader: 78 instructions
[2017.06.29-15.42.30:595][288]MaterialEditorStats: Info Vertex shader: 29 instructions
[2017.06.29-15.42.30:595][288]MaterialEditorStats: Info Texture samplers: 1/16
[2017.06.29-15.42.34:210][501]LogMaterial: Missing cached shader map for material PreviewMaterial_1, compiling. 
[2017.06.29-15.42.34:268][501]LogMaterial: Missing cached shader map for material FMatExpressionPreview MaterialExpressionTextureSample_0, compiling. 
[2017.06.29-15.42.35:482][547]MaterialEditorStats: Info Base pass shader: 81 instructions
[2017.06.29-15.42.35:482][547]MaterialEditorStats: Info Vertex shader: 31 instructions
[2017.06.29-15.42.35:482][547]MaterialEditorStats: Info Texture samplers: 2/16
[2017.06.29-15.42.35:482][547]MaterialEditorStats: Info User interpolators: 2/4 Scalars (1/4 Vectors) (TexCoords: 2, Custom: 0)
[2017.06.29-15.43.34:725][259]LogActorFactory: Actor Factory created Cube
[2017.06.29-15.43.35:809][319]LogActorFactory: Actor Factory created Cube
[2017.06.29-15.43.53:493][ 76]LogMaterial: Missing cached shader map for material sandbox_Mat, compiling. 
[2017.06.29-15.43.55:272][158]LogEditorViewport: Clicking on Actor (LMB): BP_Sky_Sphere_C (Sky Sphere)
[2017.06.29-15.44.14:082][ 22]LogTemp: Repeting last play command: Selected Viewport
[2017.06.29-15.44.14:156][ 22]LogBlueprintUserMessages: Early PlayInEditor Detection: Level '/Game/Main.Main:PersistentLevel' has LevelScriptBlueprint '/Game/Main.Main:PersistentLevel.Main' with GeneratedClass '/Game/Main.Main_C' with ClassGeneratedBy '/Game/Main.Main:PersistentLevel.Main'
[2017.06.29-15.44.14:156][ 22]LogPlayLevel: PlayLevel: No blueprints needed recompiling
[2017.06.29-15.44.14:206][ 22]PIE: New page: PIE session: Main (Jun 29, 2017, 7:44:14 AM)
[2017.06.29-15.44.14:206][ 22]LogPlayLevel: Creating play world package: /Game/UEDPIE_0_Main
[2017.06.29-15.44.14:222][ 22]LogPlayLevel: PIE: StaticDuplicateObject took: (0.015815s)
[2017.06.29-15.44.14:222][ 22]LogAIModule: Creating AISystem for world Main
[2017.06.29-15.44.14:222][ 22]LogPlayLevel: PIE: World Init took: (0.000748s)
[2017.06.29-15.44.14:223][ 22]LogPlayLevel: PIE: Created PIE world by copying editor world from /Game/Main.Main to /Game/UEDPIE_0_Main.Main (0.016759s)
[2017.06.29-15.44.14:237][ 22]LogInit: XAudio2 using 'Speakers (Realtek High Definition Audio)' : 2 channels at 48 kHz using 32 bits per sample (channel mask 0x3)
[2017.06.29-15.44.14:251][ 22]LogInit: FAudioDevice initialized.
[2017.06.29-15.44.14:306][ 22]LogLoad: Game class is 'GameModeBase'
[2017.06.29-15.44.14:330][ 22]LogWorld: Bringing World /Game/UEDPIE_0_Main.Main up for play (max tick rate 60) at 2017.06.29-11.44.14
[2017.06.29-15.44.14:330][ 22]LogWorld: Bringing up level for play took: 0.001174
[2017.06.29-15.44.14:410][ 22]LogContentBrowser: Native class hierarchy updated for 'MovieSceneCapture' in 0.0012 seconds. Added 11 classes and 0 folders.
[2017.06.29-15.44.14:447][ 22]PIE: Info Play in editor start time for /Game/UEDPIE_0_Main -0.288
[2017.06.29-15.44.14:447][ 22]LogBlueprintUserMessages: Late PlayInEditor Detection: Level '/Game/Main.Main:PersistentLevel' has LevelScriptBlueprint '/Game/Main.Main:PersistentLevel.Main' with GeneratedClass '/Game/Main.Main_C' with ClassGeneratedBy '/Game/Main.Main:PersistentLevel.Main'
[2017.06.29-15.44.21:905][427]LogBlueprintUserMessages: Early EndPlayMap Detection: Level '/Game/Main.Main:PersistentLevel' has LevelScriptBlueprint '/Game/Main.Main:PersistentLevel.Main' with GeneratedClass '/Game/Main.Main_C' with ClassGeneratedBy '/Game/Main.Main:PersistentLevel.Main'
[2017.06.29-15.44.21:942][427]LogBlueprintUserMessages: Late EndPlayMap Detection: Level '/Game/Main.Main:PersistentLevel' has LevelScriptBlueprint '/Game/Main.Main:PersistentLevel.Main' with GeneratedClass '/Game/Main.Main_C' with ClassGeneratedBy '/Game/Main.Main:PersistentLevel.Main'
[2017.06.29-15.44.31:813][888]LogMaterialEditor: Applying material SelectionBox_Mat
[2017.06.29-15.44.33:240][888]LogMaterial: Missing cached shader map for material PreviewMaterial_1, compiling. 
[2017.06.29-15.44.33:282][888]LogMaterial: Missing cached shader map for material SelectionBox_Mat, compiling. 
[2017.06.29-15.44.33:310][888]LogMaterial: Missing cached shader map for material SelectionBox_Mat, compiling. 
[2017.06.29-15.44.33:386][888]LogMaterial: Missing cached shader map for material FDebugViewModeMaterialProxy SelectionBox_Mat, compiling. 
[2017.06.29-15.44.34:335][888]TextureStreamingBuild:Display: Compiling optional shaders took 0.995 seconds.
[2017.06.29-15.44.37:531][948]MaterialEditorStats: Info Base pass shader: 81 instructions
[2017.06.29-15.44.37:531][948]MaterialEditorStats: Info Vertex shader: 31 instructions
[2017.06.29-15.44.37:531][948]MaterialEditorStats: Info Texture samplers: 3/16
[2017.06.29-15.44.37:531][948]MaterialEditorStats: Info User interpolators: 2/4 Scalars (1/4 Vectors) (TexCoords: 2, Custom: 0)
[2017.06.29-15.44.56:415][799]LogContentBrowser: Native class hierarchy updated for 'TextureEditor' in 0.0007 seconds. Added 1 classes and 2 folders.
[2017.06.29-15.45.32:270][721]LogEditorViewport: Clicking on Actor (LMB): BP_Sky_Sphere_C (Sky Sphere)
[2017.06.29-15.45.40:142][187]LogTemp: Repeting last play command: Selected Viewport
[2017.06.29-15.45.40:161][187]LogBlueprintUserMessages: Early PlayInEditor Detection: Level '/Game/Main.Main:PersistentLevel' has LevelScriptBlueprint '/Game/Main.Main:PersistentLevel.Main' with GeneratedClass '/Game/Main.Main_C' with ClassGeneratedBy '/Game/Main.Main:PersistentLevel.Main'
[2017.06.29-15.45.40:161][187]LogPlayLevel: PlayLevel: No blueprints needed recompiling
[2017.06.29-15.45.40:161][187]PIE: New page: PIE session: Main (Jun 29, 2017, 7:45:40 AM)
[2017.06.29-15.45.40:161][187]LogPlayLevel: Creating play world package: /Game/UEDPIE_0_Main
[2017.06.29-15.45.40:163][187]LogPlayLevel: PIE: StaticDuplicateObject took: (0.001780s)
[2017.06.29-15.45.40:164][187]LogAIModule: Creating AISystem for world Main
[2017.06.29-15.45.40:164][187]LogPlayLevel: PIE: World Init took: (0.001270s)
[2017.06.29-15.45.40:165][187]LogPlayLevel: PIE: Created PIE world by copying editor world from /Game/Main.Main to /Game/UEDPIE_0_Main.Main (0.003264s)
[2017.06.29-15.45.40:177][187]LogInit: XAudio2 using 'Speakers (Realtek High Definition Audio)' : 2 channels at 48 kHz using 32 bits per sample (channel mask 0x3)
[2017.06.29-15.45.40:191][187]LogInit: FAudioDevice initialized.
[2017.06.29-15.45.40:227][187]LogLoad: Game class is 'GameModeBase'
[2017.06.29-15.45.40:229][187]LogWorld: Bringing World /Game/UEDPIE_0_Main.Main up for play (max tick rate 60) at 2017.06.29-11.45.40
[2017.06.29-15.45.40:229][187]LogWorld: Bringing up level for play took: 0.001167
[2017.06.29-15.45.40:230][187]PIE: Info Play in editor start time for /Game/UEDPIE_0_Main -0.504
[2017.06.29-15.45.40:230][187]LogBlueprintUserMessages: Late PlayInEditor Detection: Level '/Game/Main.Main:PersistentLevel' has LevelScriptBlueprint '/Game/Main.Main:PersistentLevel.Main' with GeneratedClass '/Game/Main.Main_C' with ClassGeneratedBy '/Game/Main.Main:PersistentLevel.Main'
[2017.06.29-15.46.09:221][176]LogMaterial: Missing cached shader map for material sandbox_Mat, compiling. 
[2017.06.29-15.46.09:274][176]LogMaterial: Missing cached shader map for material sandbox_Mat, compiling. 
[2017.06.29-15.46.09:288][176]LogMaterial: Missing cached shader map for material sandbox_Mat, compiling. 
[2017.06.29-15.46.09:331][176]LogMaterial: Missing cached shader map for material FMatExpressionPreview MaterialExpressionTextureSample_0, compiling. 
[2017.06.29-15.46.10:926][245]MaterialEditorStats: Info Base pass shader: 81 instructions
[2017.06.29-15.46.10:926][245]MaterialEditorStats: Info Vertex shader: 31 instructions
[2017.06.29-15.46.10:926][245]MaterialEditorStats: Info Texture samplers: 2/16
[2017.06.29-15.46.10:926][245]MaterialEditorStats: Info User interpolators: 2/4 Scalars (1/4 Vectors) (TexCoords: 2, Custom: 0)
[2017.06.29-15.46.15:645][514]LogMaterial: Missing cached shader map for material SelectionBox_Mat, compiling. 
[2017.06.29-15.46.15:721][514]LogMaterial: Missing cached shader map for material SelectionBox_Mat, compiling. 
[2017.06.29-15.46.15:736][514]LogMaterial: Missing cached shader map for material SelectionBox_Mat, compiling. 
[2017.06.29-15.46.15:777][514]LogMaterial: Missing cached shader map for material FMatExpressionPreview MaterialExpressionTextureSample_0, compiling. 
[2017.06.29-15.46.16:906][558]MaterialEditorStats: Info Base pass shader: 81 instructions
[2017.06.29-15.46.16:906][558]MaterialEditorStats: Info Vertex shader: 31 instructions
[2017.06.29-15.46.16:906][558]MaterialEditorStats: Info Texture samplers: 2/16
[2017.06.29-15.46.16:906][558]MaterialEditorStats: Info User interpolators: 2/4 Scalars (1/4 Vectors) (TexCoords: 2, Custom: 0)
[2017.06.29-15.46.23:366][933]LogSlate: Took 0.017157 seconds to synchronously load lazily loaded font '../../../Engine/Content/Editor/Slate/Fonts/Roboto-Italic.ttf' (157K)
[2017.06.29-15.46.55:614][840]LogBlueprintUserMessages: Early EndPlayMap Detection: Level '/Game/Main.Main:PersistentLevel' has LevelScriptBlueprint '/Game/Main.Main:PersistentLevel.Main' with GeneratedClass '/Game/Main.Main_C' with ClassGeneratedBy '/Game/Main.Main:PersistentLevel.Main'
[2017.06.29-15.46.55:652][840]LogBlueprintUserMessages: Late EndPlayMap Detection: Level '/Game/Main.Main:PersistentLevel' has LevelScriptBlueprint '/Game/Main.Main:PersistentLevel.Main' with GeneratedClass '/Game/Main.Main_C' with ClassGeneratedBy '/Game/Main.Main:PersistentLevel.Main'
[2017.06.29-15.46.57:602][954]Cmd: CAMERA ALIGN ACTIVEVIEWPORTONLY
[2017.06.29-15.46.59:454][ 64]Cmd: CAMERA ALIGN ACTIVEVIEWPORTONLY
[2017.06.29-15.47.01:362][176]Cmd: CAMERA ALIGN ACTIVEVIEWPORTONLY
[2017.06.29-15.50.26:374][282]Cmd: OBJ SAVEPACKAGE PACKAGE="/Game/Main" FILE="D:/Coding/SandVox/sandvox/SandVox/Saved/Autosaves/Game/Main_Auto2.umap" SILENT=true AUTOSAVING=true KEEPDIRTY=false
[2017.06.29-15.50.26:502][282]LogSavePackage: Save=120.42ms
[2017.06.29-15.50.26:502][282]LogSavePackage: Moving 'D:/Coding/SandVox/sandvox/SandVox/Saved/Main_Auto29B05CC80472BFA9102589B948FFD66D2.tmp' to 'D:/Coding/SandVox/sandvox/SandVox/Saved/Autosaves/Game/Main_Auto2.umap'
[2017.06.29-15.50.26:502][282]LogSavePackage:Display: Finished SavePackage D:/Coding/SandVox/sandvox/SandVox/Saved/Autosaves/Game/Main_Auto2.umap
[2017.06.29-15.50.26:506][282]LogFileHelpers: Editor autosave (incl. sublevels) for '/Game/Main' took 0.141
[2017.06.29-15.50.26:506][282]LogFileHelpers: Editor autosave (incl. sublevels) for all levels took 0.141
[2017.06.29-15.50.26:507][282]OBJ SavePackage: Generating thumbnails for [1] asset(s) in package [/Game/SelectionBox_Mat] ([1] browsable assets)...
[2017.06.29-15.50.26:546][282]OBJ SavePackage:     Rendered thumbnail for [Material /Game/SelectionBox_Mat.SelectionBox_Mat]
[2017.06.29-15.50.26:546][282]OBJ SavePackage: Finished generating thumbnails for package [/Game/SelectionBox_Mat]
[2017.06.29-15.50.26:546][282]Cmd: OBJ SAVEPACKAGE PACKAGE="/Game/SelectionBox_Mat" FILE="D:/Coding/SandVox/sandvox/SandVox/Saved/Autosaves/Game/SelectionBox_Mat_Auto2.uasset" SILENT=false AUTOSAVING=true
[2017.06.29-15.50.26:577][282]LogSavePackage: Save=14.20ms
[2017.06.29-15.50.26:577][282]LogSavePackage: Moving 'D:/Coding/SandVox/sandvox/SandVox/Saved/SelectionBox_Mat_Auto261477E6D4CAE2F0A4049C0BF86961079.tmp' to 'D:/Coding/SandVox/sandvox/SandVox/Saved/Autosaves/Game/SelectionBox_Mat_Auto2.uasset'
[2017.06.29-15.50.26:578][282]LogSavePackage:Display: Finished SavePackage D:/Coding/SandVox/sandvox/SandVox/Saved/Autosaves/Game/SelectionBox_Mat_Auto2.uasset
[2017.06.29-15.50.26:578][282]OBJ SavePackage: Generating thumbnails for [1] asset(s) in package [/Game/sandbox] ([1] browsable assets)...
[2017.06.29-15.50.26:587][282]OBJ SavePackage:     Rendered thumbnail for [Texture2D /Game/sandbox.sandbox]
[2017.06.29-15.50.26:587][282]OBJ SavePackage: Finished generating thumbnails for package [/Game/sandbox]
[2017.06.29-15.50.26:587][282]Cmd: OBJ SAVEPACKAGE PACKAGE="/Game/sandbox" FILE="D:/Coding/SandVox/sandvox/SandVox/Saved/Autosaves/Game/sandbox_Auto2.uasset" SILENT=false AUTOSAVING=true
[2017.06.29-15.50.26:596][282]LogSavePackage: Save=8.01ms
[2017.06.29-15.50.26:596][282]LogSavePackage: Moving 'D:/Coding/SandVox/sandvox/SandVox/Saved/sandbox_Auto22048C40A462238BED1C658A836F59AF8.tmp' to 'D:/Coding/SandVox/sandvox/SandVox/Saved/Autosaves/Game/sandbox_Auto2.uasset'
[2017.06.29-15.50.26:596][282]LogSavePackage:Display: Finished SavePackage D:/Coding/SandVox/sandvox/SandVox/Saved/Autosaves/Game/sandbox_Auto2.uasset
[2017.06.29-15.50.26:597][282]OBJ SavePackage: Generating thumbnails for [1] asset(s) in package [/Game/sandbox_Mat] ([1] browsable assets)...
[2017.06.29-15.50.26:634][282]OBJ SavePackage:     Rendered thumbnail for [Material /Game/sandbox_Mat.sandbox_Mat]
[2017.06.29-15.50.26:634][282]OBJ SavePackage: Finished generating thumbnails for package [/Game/sandbox_Mat]
[2017.06.29-15.50.26:634][282]Cmd: OBJ SAVEPACKAGE PACKAGE="/Game/sandbox_Mat" FILE="D:/Coding/SandVox/sandvox/SandVox/Saved/Autosaves/Game/sandbox_Mat_Auto2.uasset" SILENT=false AUTOSAVING=true
[2017.06.29-15.50.26:649][282]LogSavePackage: Save=14.14ms
[2017.06.29-15.50.26:649][282]LogSavePackage: Moving 'D:/Coding/SandVox/sandvox/SandVox/Saved/sandbox_Mat_Auto2500925C3484B2639C48E9F9F827FF45B.tmp' to 'D:/Coding/SandVox/sandvox/SandVox/Saved/Autosaves/Game/sandbox_Mat_Auto2.uasset'
[2017.06.29-15.50.26:650][282]LogSavePackage:Display: Finished SavePackage D:/Coding/SandVox/sandvox/SandVox/Saved/Autosaves/Game/sandbox_Mat_Auto2.uasset
[2017.06.29-15.50.26:650][282]LogFileHelpers: Auto-saving content packages took 0.143
[2017.06.29-16.53.29:442][832]Cmd: OBJ SAVEPACKAGE PACKAGE="/Game/Main" FILE="D:/Coding/SandVox/sandvox/SandVox/Content/Main.umap" SILENT=true AUTOSAVING=false KEEPDIRTY=false
[2017.06.29-16.53.29:540][832]LogSavePackage: Save=79.76ms
[2017.06.29-16.53.29:540][832]LogSavePackage: Moving 'D:/Coding/SandVox/sandvox/SandVox/Saved/MainD7362D0147FA08316A7FB6B06B6CF1D4.tmp' to 'D:/Coding/SandVox/sandvox/SandVox/Content/Main.umap'
[2017.06.29-16.53.29:544][832]LogSavePackage:Display: Finished SavePackage D:/Coding/SandVox/sandvox/SandVox/Content/Main.umap
[2017.06.29-16.53.33:883][895]Cmd: OBJ SAVEPACKAGE PACKAGE="/Game/sandbox" FILE="D:/Coding/SandVox/sandvox/SandVox/Content/sandbox.uasset" SILENT=true
[2017.06.29-16.53.33:895][895]LogSavePackage: Save=11.16ms
[2017.06.29-16.53.33:895][895]LogSavePackage: Moving 'D:/Coding/SandVox/sandvox/SandVox/Saved/sandboxDEDD7B374965F7748A329D8610ECEECB.tmp' to 'D:/Coding/SandVox/sandvox/SandVox/Content/sandbox.uasset'
[2017.06.29-16.53.33:900][895]LogSavePackage:Display: Finished SavePackage D:/Coding/SandVox/sandvox/SandVox/Content/sandbox.uasset
[2017.06.29-16.53.33:950][895]Cmd: OBJ SAVEPACKAGE PACKAGE="/Game/sandbox_Mat" FILE="D:/Coding/SandVox/sandvox/SandVox/Content/sandbox_Mat.uasset" SILENT=true
[2017.06.29-16.53.33:966][895]LogSavePackage: Save=14.78ms
[2017.06.29-16.53.33:966][895]LogSavePackage: Moving 'D:/Coding/SandVox/sandvox/SandVox/Saved/sandbox_Mat9C5289394395B5C9AE239AA52B9ACF0C.tmp' to 'D:/Coding/SandVox/sandvox/SandVox/Content/sandbox_Mat.uasset'
[2017.06.29-16.53.33:970][895]LogSavePackage:Display: Finished SavePackage D:/Coding/SandVox/sandvox/SandVox/Content/sandbox_Mat.uasset
[2017.06.29-16.53.34:014][895]Cmd: OBJ SAVEPACKAGE PACKAGE="/Game/SelectionBox_Mat" FILE="D:/Coding/SandVox/sandvox/SandVox/Content/SelectionBox_Mat.uasset" SILENT=true
[2017.06.29-16.53.34:031][895]LogSavePackage: Save=14.22ms
[2017.06.29-16.53.34:031][895]LogSavePackage: Moving 'D:/Coding/SandVox/sandvox/SandVox/Saved/SelectionBox_MatCE41A27C43966463E2F2688EA7B2BB73.tmp' to 'D:/Coding/SandVox/sandvox/SandVox/Content/SelectionBox_Mat.uasset'
[2017.06.29-16.53.34:035][895]LogSavePackage:Display: Finished SavePackage D:/Coding/SandVox/sandvox/SandVox/Content/SelectionBox_Mat.uasset
[2017.06.29-16.53.34:320][896]Cmd: QUIT_EDITOR
[2017.06.29-16.53.34:385][896]LogWindowsTextInputMethodSystem:Display: IME system now deactivated.
[2017.06.29-16.53.34:399][896]LogExit: Preparing to exit.
[2017.06.29-16.53.34:951][896]LogExit: Editor shut down
[2017.06.29-16.53.34:976][896]LogExit: Transaction tracking system shut down
[2017.06.29-16.53.35:061][896]LogObj: Freed 0b from 0 cluster array pools.
[2017.06.29-16.53.35:061][896]LogExit: Object subsystem successfully closed.
[2017.06.29-16.53.35:091][896]LogD3D11RHI: Shutdown
[2017.06.29-16.53.35:092][896]LogD3D11RHI: CleanupD3DDevice
[2017.06.29-16.53.35:158][896]LogD3D11RHI: ~FD3D11DynamicRHI
[2017.06.29-16.53.35:176][896]LogModuleManager: Shutting down and abandoning module TextureEditor (530)
[2017.06.29-16.53.35:176][896]LogModuleManager: Shutting down and abandoning module MovieSceneCapture (528)
[2017.06.29-16.53.35:176][896]LogModuleManager: Shutting down and abandoning module MaterialEditor (526)
[2017.06.29-16.53.35:176][896]LogModuleManager: Shutting down and abandoning module HierarchicalLODOutliner (524)
[2017.06.29-16.53.35:176][896]LogModuleManager: Shutting down and abandoning module CrashTracker (522)
[2017.06.29-16.53.35:176][896]LogModuleManager: Shutting down and abandoning module SceneOutliner (520)
[2017.06.29-16.53.35:176][896]LogModuleManager: Shutting down and abandoning module AddContentDialog (518)
[2017.06.29-16.53.35:235][896]LogDirectoryWatcher: A directory notification for 'C:/Program Files/Epic Games/UE_4.16/FeaturePacks/' was aborted.
[2017.06.29-16.53.35:240][896]LogModuleManager: Shutting down and abandoning module WidgetCarousel (517)
[2017.06.29-16.53.35:240][896]LogModuleManager: Shutting down and abandoning module EditorWidgets (514)
[2017.06.29-16.53.35:240][896]LogModuleManager: Shutting down and abandoning module CollectionManager (512)
[2017.06.29-16.53.35:240][896]LogDirectoryWatcher: A directory notification for 'D:/Coding/SandVox/sandvox/SandVox/Content/Collections/' was aborted.
[2017.06.29-16.53.35:240][896]LogDirectoryWatcher: A directory notification for 'D:/Coding/SandVox/sandvox/SandVox/Content/Developers/Craig/Collections/' was aborted.
[2017.06.29-16.53.35:240][896]LogDirectoryWatcher: A directory notification for 'D:/Coding/SandVox/sandvox/SandVox/Saved/Collections/' was aborted.
[2017.06.29-16.53.35:240][896]LogModuleManager: Shutting down and abandoning module StatsViewer (510)
[2017.06.29-16.53.35:240][896]LogModuleManager: Shutting down and abandoning module FoliageEdit (508)
[2017.06.29-16.53.35:240][896]LogModuleManager: Shutting down and abandoning module LandscapeEditor (506)
[2017.06.29-16.53.35:240][896]LogModuleManager: Shutting down and abandoning module MeshPaintMode (504)
[2017.06.29-16.53.35:240][896]LogModuleManager: Shutting down and abandoning module SceneDepthPickerMode (502)
[2017.06.29-16.53.35:240][896]LogModuleManager: Shutting down and abandoning module ActorPickerMode (500)
[2017.06.29-16.53.35:240][896]LogModuleManager: Shutting down and abandoning module GeometryMode (498)
[2017.06.29-16.53.35:240][896]LogModuleManager: Shutting down and abandoning module TextureAlignMode (496)
[2017.06.29-16.53.35:240][896]LogModuleManager: Shutting down and abandoning module BspMode (494)
[2017.06.29-16.53.35:240][896]LogModuleManager: Shutting down and abandoning module HardwareSurvey (492)
[2017.06.29-16.53.35:240][896]LogModuleManager: Shutting down and abandoning module SequenceRecorderSections (490)
[2017.06.29-16.53.35:240][896]LogModuleManager: Shutting down and abandoning module AutomationWorker (488)
[2017.06.29-16.53.35:240][896]LogModuleManager: Shutting down and abandoning module MatineeToLevelSequence (486)
[2017.06.29-16.53.35:240][896]LogModuleManager: Shutting down and abandoning module LevelSequenceEditor (484)
[2017.06.29-16.53.35:240][896]LogModuleManager: Shutting down and abandoning module PlacementMode (483)
[2017.06.29-16.53.35:240][896]LogModuleManager: Shutting down and abandoning module WmfMediaFactory (480)
[2017.06.29-16.53.35:240][896]LogModuleManager: Shutting down and abandoning module WmfMediaEditor (478)
[2017.06.29-16.53.35:240][896]LogModuleManager: Shutting down and abandoning module AvfMediaFactory (476)
[2017.06.29-16.53.35:240][896]LogModuleManager: Shutting down and abandoning module AvfMediaEditor (474)
[2017.06.29-16.53.35:240][896]LogModuleManager: Shutting down and abandoning module AndroidMediaFactory (472)
[2017.06.29-16.53.35:240][896]LogModuleManager: Shutting down and abandoning module Media (471)
[2017.06.29-16.53.35:240][896]LogModuleManager: Shutting down and abandoning module AndroidMediaEditor (468)
[2017.06.29-16.53.35:240][896]LogModuleManager: Shutting down and abandoning module CharacterAI (466)
[2017.06.29-16.53.35:240][896]LogModuleManager: Shutting down and abandoning module AudioCapture (464)
[2017.06.29-16.53.35:240][896]LogModuleManager: Shutting down and abandoning module SequenceRecorder (463)
[2017.06.29-16.53.35:240][896]LogModuleManager: Shutting down and abandoning module SmartSnapping (460)
[2017.06.29-16.53.35:240][896]LogModuleManager: Shutting down and abandoning module SessionServices (458)
[2017.06.29-16.53.35:240][896]LogModuleManager: Shutting down and abandoning module ViewportSnapping (456)
[2017.06.29-16.53.35:240][896]LogModuleManager: Shutting down and abandoning module ViewportInteraction (454)
[2017.06.29-16.53.35:240][896]LogModuleManager: Shutting down and abandoning module ClothPainter (452)
[2017.06.29-16.53.35:240][896]LogModuleManager: Shutting down and abandoning module LogVisualizer (450)
[2017.06.29-16.53.35:240][896]LogModuleManager: Shutting down and abandoning module IntroTutorials (448)
[2017.06.29-16.53.35:240][896]LogModuleManager: Shutting down and abandoning module GameProjectGeneration (447)
[2017.06.29-16.53.35:240][896]LogModuleManager: Shutting down and abandoning module EditorLiveStreaming (444)
[2017.06.29-16.53.35:240][896]LogModuleManager: Shutting down and abandoning module IOSPlatformEditor (442)
[2017.06.29-16.53.35:241][896]LogModuleManager: Shutting down and abandoning module HTML5PlatformEditor (440)
[2017.06.29-16.53.35:241][896]LogModuleManager: Shutting down and abandoning module AndroidPlatformEditor (438)
[2017.06.29-16.53.35:241][896]LogModuleManager: Shutting down and abandoning module AndroidDeviceDetection (437)
[2017.06.29-16.53.35:676][896]LogModuleManager: Shutting down and abandoning module IOSRuntimeSettings (434)
[2017.06.29-16.53.35:676][896]LogModuleManager: Shutting down and abandoning module AndroidRuntimeSettings (432)
[2017.06.29-16.53.35:676][896]LogModuleManager: Shutting down and abandoning module InputBindingEditor (430)
[2017.06.29-16.53.35:676][896]LogModuleManager: Shutting down and abandoning module MergeActors (428)
[2017.06.29-16.53.35:676][896]LogModuleManager: Shutting down and abandoning module SizeMap (426)
[2017.06.29-16.53.35:676][896]LogModuleManager: Shutting down and abandoning module TreeMap (424)
[2017.06.29-16.53.35:676][896]LogModuleManager: Shutting down and abandoning module ReferenceViewer (422)
[2017.06.29-16.53.35:676][896]LogModuleManager: Shutting down and abandoning module LocalizationDashboard (420)
[2017.06.29-16.53.35:676][896]LogModuleManager: Shutting down and abandoning module LocalizationService (419)
[2017.06.29-16.53.35:676][896]LogModuleManager: Shutting down and abandoning module HardwareTargeting (416)
[2017.06.29-16.53.35:676][896]LogModuleManager: Shutting down and abandoning module DeviceProfileEditor (414)
[2017.06.29-16.53.35:676][896]LogModuleManager: Shutting down and abandoning module UndoHistory (412)
[2017.06.29-16.53.35:676][896]LogModuleManager: Shutting down and abandoning module UserFeedback (410)
[2017.06.29-16.53.35:676][896]LogModuleManager: Shutting down and abandoning module XmlParser (408)
[2017.06.29-16.53.35:677][896]LogModuleManager: Shutting down and abandoning module Blutility (406)
[2017.06.29-16.53.35:677][896]LogModuleManager: Shutting down and abandoning module ProjectSettingsViewer (404)
[2017.06.29-16.53.35:677][896]LogModuleManager: Shutting down and abandoning module ProjectTargetPlatformEditor (403)
[2017.06.29-16.53.35:677][896]LogModuleManager: Shutting down and abandoning module EditorSettingsViewer (400)
[2017.06.29-16.53.35:677][896]LogModuleManager: Shutting down and abandoning module SettingsEditor (398)
[2017.06.29-16.53.35:677][896]LogModuleManager: Shutting down and abandoning module ProjectLauncher (396)
[2017.06.29-16.53.35:677][896]LogModuleManager: Shutting down and abandoning module SessionFrontend (394)
[2017.06.29-16.53.35:677][896]LogModuleManager: Shutting down and abandoning module ProfilerClient (392)
[2017.06.29-16.53.35:677][896]LogModuleManager: Shutting down and abandoning module DeviceManager (390)
[2017.06.29-16.53.35:677][896]LogModuleManager: Shutting down and abandoning module TargetDeviceServices (389)
[2017.06.29-16.53.35:740][896]LogModuleManager: Shutting down and abandoning module AutomationController (386)
[2017.06.29-16.53.35:740][896]LogModuleManager: Shutting down and abandoning module AutomationWindow (384)
[2017.06.29-16.53.35:740][896]LogModuleManager: Shutting down and abandoning module Layers (382)
[2017.06.29-16.53.35:740][896]LogModuleManager: Shutting down and abandoning module ComponentVisualizers (380)
[2017.06.29-16.53.35:740][896]LogModuleManager: Shutting down and abandoning module DetailCustomizations (378)
[2017.06.29-16.53.35:740][896]LogModuleManager: Shutting down and abandoning module PackagesDialog (376)
[2017.06.29-16.53.35:740][896]LogModuleManager: Shutting down and abandoning module Persona (374)
[2017.06.29-16.53.35:740][896]LogModuleManager: Shutting down and abandoning module AdvancedPreviewScene (373)
[2017.06.29-16.53.35:740][896]LogModuleManager: Shutting down and abandoning module AnimGraph (371)
[2017.06.29-16.53.35:741][896]LogModuleManager: Shutting down and abandoning module Kismet (368)
[2017.06.29-16.53.35:741][896]LogModuleManager: Shutting down and abandoning module ClassViewer (366)
[2017.06.29-16.53.35:741][896]LogModuleManager: Shutting down and abandoning module Toolbox (364)
[2017.06.29-16.53.35:741][896]LogModuleManager: Shutting down and abandoning module ModuleUI (362)
[2017.06.29-16.53.35:741][896]LogModuleManager: Shutting down and abandoning module MovieSceneTools (360)
[2017.06.29-16.53.35:741][896]LogModuleManager: Shutting down and abandoning module OutputLog (358)
[2017.06.29-16.53.35:741][896]LogModuleManager: Shutting down and abandoning module GammaUI (356)
[2017.06.29-16.53.35:741][896]LogModuleManager: Shutting down and abandoning module Documentation (354)
[2017.06.29-16.53.35:741][896]LogModuleManager: Shutting down and abandoning module MovieSceneTracks (352)
[2017.06.29-16.53.35:741][896]LogModuleManager: Shutting down and abandoning module MovieScene (350)
[2017.06.29-16.53.35:741][896]LogModuleManager: Shutting down and abandoning module Niagara (348)
[2017.06.29-16.53.35:741][896]LogModuleManager: Shutting down and abandoning module NiagaraEditor (347)
[2017.06.29-16.53.35:741][896]LogModuleManager: Shutting down and abandoning module StreamingPauseRendering (344)
[2017.06.29-16.53.35:741][896]LogModuleManager: Shutting down and abandoning module AnalyticsET (342)
[2017.06.29-16.53.35:741][896]LogModuleManager: Shutting down and abandoning module PortalServices (340)
[2017.06.29-16.53.35:741][896]LogModuleManager: Shutting down and abandoning module PortalRpc (338)
[2017.06.29-16.53.35:741][896]LogModuleManager: Shutting down and abandoning module MessagingRpc (336)
[2017.06.29-16.53.35:741][896]LogModuleManager: Shutting down and abandoning module AIModule (334)
[2017.06.29-16.53.35:741][896]LogModuleManager: Shutting down and abandoning module GameplayDebugger (333)
[2017.06.29-16.53.35:741][896]LogModuleManager: Shutting down and abandoning module AITestSuite (331)
[2017.06.29-16.53.35:741][896]LogModuleManager: Shutting down and abandoning module ProfilerService (328)
[2017.06.29-16.53.35:968][896]LogModuleManager: Shutting down and abandoning module TaskGraph (326)
[2017.06.29-16.53.35:968][896]LogModuleManager: Shutting down and abandoning module SteamVRController (324)
[2017.06.29-16.53.35:968][896]LogModuleManager: Shutting down and abandoning module SteamVR (322)
[2017.06.29-16.53.35:968][896]LogModuleManager: Shutting down and abandoning module ProceduralMeshComponentEditor (320)
[2017.06.29-16.53.35:968][896]LogModuleManager: Shutting down and abandoning module ProceduralMeshComponent (318)
[2017.06.29-16.53.35:968][896]LogModuleManager: Shutting down and abandoning module OculusLibrary (316)
[2017.06.29-16.53.35:968][896]LogModuleManager: Shutting down and abandoning module OculusInput (314)
[2017.06.29-16.53.35:968][896]LogModuleManager: Shutting down and abandoning module MobilePatchingUtils (312)
[2017.06.29-16.53.35:968][896]LogModuleManager: Shutting down and abandoning module CustomMeshComponent (310)
[2017.06.29-16.53.35:968][896]LogModuleManager: Shutting down and abandoning module CableComponent (308)
[2017.06.29-16.53.35:968][896]LogModuleManager: Shutting down and abandoning module ArchVisCharacter (306)
[2017.06.29-16.53.35:968][896]LogModuleManager: Shutting down and abandoning module AndroidPermission (304)
[2017.06.29-16.53.35:968][896]LogModuleManager: Shutting down and abandoning module MediaPlayerEditor (300)
[2017.06.29-16.53.35:968][896]LogModuleManager: Shutting down and abandoning module HTML5Networking (298)
[2017.06.29-16.53.35:968][896]LogModuleManager: Shutting down and abandoning module AlembicImporter (296)
[2017.06.29-16.53.35:968][896]LogModuleManager: Shutting down and abandoning module AlembicLibrary (295)
[2017.06.29-16.53.35:968][896]LogModuleManager: Shutting down and abandoning module GeometryCache (294)
[2017.06.29-16.53.35:968][896]LogModuleManager: Shutting down and abandoning module GeometryCacheEd (293)
[2017.06.29-16.53.35:968][896]LogModuleManager: Shutting down and abandoning module SuperSearchEditor (288)
[2017.06.29-16.53.35:968][896]LogModuleManager: Shutting down and abandoning module SuperSearch (287)
[2017.06.29-16.53.35:968][896]LogModuleManager: Shutting down and abandoning module SpeedTreeImporter (284)
[2017.06.29-16.53.35:968][896]LogModuleManager: Shutting down and abandoning module PluginBrowser (282)
[2017.06.29-16.53.35:968][896]LogModuleManager: Shutting down and abandoning module MobileLauncherProfileWizard (280)
[2017.06.29-16.53.35:968][896]LogModuleManager: Shutting down and abandoning module VisualStudioSourceCodeAccess (278)
[2017.06.29-16.53.35:968][896]LogModuleManager: Shutting down and abandoning module DesktopPlatform (277)
[2017.06.29-16.53.35:968][896]LogModuleManager: Shutting down and abandoning module UObjectPlugin (274)
[2017.06.29-16.53.35:968][896]LogModuleManager: Shutting down and abandoning module SubversionSourceControl (272)
[2017.06.29-16.53.35:968][896]LogModuleManager: Shutting down and abandoning module PerforceSourceControl (270)
[2017.06.29-16.53.35:968][896]LogModuleManager: Shutting down and abandoning module GitSourceControl (268)
[2017.06.29-16.53.35:968][896]LogModuleManager: Shutting down and abandoning module SourceControl (267)
[2017.06.29-16.53.35:968][896]LogModuleManager: Shutting down and abandoning module LightPropagationVolumeEditor (264)
[2017.06.29-16.53.35:968][896]LogModuleManager: Shutting down and abandoning module PaperTiledImporter (262)
[2017.06.29-16.53.35:968][896]LogModuleManager: Shutting down and abandoning module PaperSpriteSheetImporter (260)
[2017.06.29-16.53.35:968][896]LogModuleManager: Shutting down and abandoning module Paper2DEditor (258)
[2017.06.29-16.53.35:968][896]LogModuleManager: Shutting down and abandoning module MeshPaint (257)
[2017.06.29-16.53.35:968][896]LogModuleManager: Shutting down and abandoning module LevelEditor (255)
[2017.06.29-16.53.35:969][896]LogModuleManager: Shutting down and abandoning module PixelInspectorModule (254)
[2017.06.29-16.53.35:969][896]LogModuleManager: Shutting down and abandoning module MainFrame (252)
[2017.06.29-16.53.35:969][896]LogModuleManager: Shutting down and abandoning module HotReload (251)
[2017.06.29-16.53.35:970][896]LogModuleManager: Shutting down and abandoning module PhysXVehiclesEditor (246)
[2017.06.29-16.53.35:970][896]LogModuleManager: Shutting down and abandoning module PhysXVehicles (244)
[2017.06.29-16.53.35:970][896]LogModuleManager: Shutting down and abandoning module LocationServicesBPLibrary (242)
[2017.06.29-16.53.35:970][896]LogModuleManager: Shutting down and abandoning module ImmediatePhysicsEditor (240)
[2017.06.29-16.53.35:970][896]LogModuleManager: Shutting down and abandoning module ImmediatePhysics (238)
[2017.06.29-16.53.35:970][896]LogModuleManager: Shutting down and abandoning module UdpMessaging (236)
[2017.06.29-16.53.36:070][896]LogModuleManager: Shutting down and abandoning module TcpMessaging (234)
[2017.06.29-16.53.36:171][896]LogModuleManager: Shutting down and abandoning module GameplayTagsEditor (232)
[2017.06.29-16.53.36:171][896]LogModuleManager: Shutting down and abandoning module FacialAnimationEditor (230)
[2017.06.29-16.53.36:171][896]LogModuleManager: Shutting down and abandoning module FacialAnimation (228)
[2017.06.29-16.53.36:171][896]LogModuleManager: Shutting down and abandoning module AssetManagerEditor (226)
[2017.06.29-16.53.36:171][896]LogModuleManager: Shutting down and abandoning module GraphEditor (225)
[2017.06.29-16.53.36:171][896]LogModuleManager: Shutting down and abandoning module ContentBrowser (223)
[2017.06.29-16.53.36:172][896]LogModuleManager: Shutting down and abandoning module LightPropagationVolumeRuntime (220)
[2017.06.29-16.53.36:172][896]LogModuleManager: Shutting down and abandoning module Paper2D (218)
[2017.06.29-16.53.36:172][896]LogModuleManager: Shutting down and abandoning module WindowsMoviePlayer (216)
[2017.06.29-16.53.36:172][896]LogModuleManager: Shutting down and abandoning module WmfMedia (214)
[2017.06.29-16.53.36:173][896]LogModuleManager: Shutting down and abandoning module ClothingSystemEditor (212)
[2017.06.29-16.53.36:173][896]LogModuleManager: Shutting down and abandoning module ClothingSystemRuntime (210)
[2017.06.29-16.53.36:173][896]LogModuleManager: Shutting down and abandoning module MediaAssets (208)
[2017.06.29-16.53.36:173][896]LogModuleManager: Shutting down and abandoning module GameLiveStreaming (206)
[2017.06.29-16.53.36:173][896]LogModuleManager: Shutting down and abandoning module VREditor (204)
[2017.06.29-16.53.36:173][896]LogModuleManager: Shutting down and abandoning module StringTableEditor (202)
[2017.06.29-16.53.36:173][896]LogModuleManager: Shutting down and abandoning module GameplayTasksEditor (200)
[2017.06.29-16.53.36:173][896]LogModuleManager: Shutting down and abandoning module BehaviorTreeEditor (198)
[2017.06.29-16.53.36:173][896]LogModuleManager: Shutting down and abandoning module FunctionalTesting (196)
[2017.06.29-16.53.36:173][896]LogModuleManager: Shutting down and abandoning module CollisionAnalyzer (194)
[2017.06.29-16.53.36:173][896]LogModuleManager: Shutting down and abandoning module UMG (192)
[2017.06.29-16.53.36:173][896]LogModuleManager: Shutting down and abandoning module UMGEditor (191)
[2017.06.29-16.53.36:173][896]LogModuleManager: Shutting down and abandoning module Sequencer (190)
[2017.06.29-16.53.36:173][896]LogModuleManager: Shutting down and abandoning module AssetTools (188)
[2017.06.29-16.53.36:173][896]LogModuleManager: Shutting down and abandoning module MessageLog (187)
[2017.06.29-16.53.36:173][896]LogModuleManager: Shutting down and abandoning module WorkspaceMenuStructure (186)
[2017.06.29-16.53.36:173][896]LogModuleManager: Shutting down and abandoning module SlateReflector (180)
[2017.06.29-16.53.36:173][896]LogModuleManager: Shutting down and abandoning module Slate (178)
[2017.06.29-16.53.36:173][896]LogModuleManager: Shutting down and abandoning module EditorStyle (176)
[2017.06.29-16.53.36:176][896]LogModuleManager: Shutting down and abandoning module SourceCodeAccess (174)
[2017.06.29-16.53.36:176][896]LogModuleManager: Shutting down and abandoning module HeadMountedDisplay (172)
[2017.06.29-16.53.36:176][896]LogModuleManager: Shutting down and abandoning module XAudio2 (170)
[2017.06.29-16.53.36:176][896]LogModuleManager: Shutting down and abandoning module Networking (168)
[2017.06.29-16.53.36:176][896]LogModuleManager: Shutting down and abandoning module Core (164)
[2017.06.29-16.53.36:176][896]LogModuleManager: Shutting down and abandoning module AssetRegistry (162)
[2017.06.29-16.53.36:342][896]LogDirectoryWatcher: A directory notification for '../../../Engine/Content/' was aborted.
[2017.06.29-16.53.36:342][896]LogDirectoryWatcher: A directory notification for 'D:/Coding/SandVox/sandvox/SandVox/Content/' was aborted.
[2017.06.29-16.53.36:342][896]LogDirectoryWatcher: A directory notification for '../../../Engine/Plugins/2D/Paper2D/Content/' was aborted.
[2017.06.29-16.53.36:342][896]LogDirectoryWatcher: A directory notification for '../../../Engine/Plugins/Runtime/GearVR/Content/' was aborted.
[2017.06.29-16.53.36:346][896]LogModuleManager: Shutting down and abandoning module DirectoryWatcher (161)
[2017.06.29-16.53.36:350][896]LogModuleManager: Shutting down and abandoning module KismetCompiler (158)
[2017.06.29-16.53.36:350][896]LogModuleManager: Shutting down and abandoning module LevelSequence (156)
[2017.06.29-16.53.36:350][896]LogModuleManager: Shutting down and abandoning module PhysXFormats (154)
[2017.06.29-16.53.36:350][896]LogModuleManager: Shutting down and abandoning module MeshUtilities (152)
[2017.06.29-16.53.36:350][896]LogModuleManager: Shutting down and abandoning module SimplygonSwarm (151)
[2017.06.29-16.53.36:350][896]LogModuleManager: Shutting down and abandoning module SimplygonMeshReduction (149)
[2017.06.29-16.53.36:350][896]LogModuleManager: Shutting down and abandoning module QuadricMeshReduction (147)
[2017.06.29-16.53.36:350][896]LogModuleManager: Shutting down and abandoning module DerivedDataCache (144)
[2017.06.29-16.53.36:360][896]LogDerivedDataCache: Shutdown
[2017.06.29-16.53.36:360][896]LogModuleManager: Shutting down and abandoning module TargetPlatform (142)
[2017.06.29-16.53.36:360][896]LogModuleManager: Shutting down and abandoning module VulkanShaderFormat (141)
[2017.06.29-16.53.36:360][896]LogModuleManager: Shutting down and abandoning module ShaderFormatVectorVM (139)
[2017.06.29-16.53.36:361][896]LogModuleManager: Shutting down and abandoning module ShaderFormatOpenGL (137)
[2017.06.29-16.53.36:361][896]LogModuleManager: Shutting down and abandoning module ShaderFormatD3D (135)
[2017.06.29-16.53.36:361][896]LogModuleManager: Shutting down and abandoning module MetalShaderFormat (133)
[2017.06.29-16.53.36:361][896]LogModuleManager: Shutting down and abandoning module TextureFormatUncompressed (131)
[2017.06.29-16.53.36:361][896]LogModuleManager: Shutting down and abandoning module TextureFormatPVR (129)
[2017.06.29-16.53.36:361][896]LogModuleManager: Shutting down and abandoning module TextureFormatDXT (127)
[2017.06.29-16.53.36:361][896]LogModuleManager: Shutting down and abandoning module TextureFormatIntelISPCTexComp (125)
[2017.06.29-16.53.36:361][896]LogModuleManager: Shutting down and abandoning module TextureFormatASTC (123)
[2017.06.29-16.53.36:361][896]LogModuleManager: Shutting down and abandoning module ImageWrapper (122)
[2017.06.29-16.53.36:361][896]LogModuleManager: Shutting down and abandoning module TextureFormatAndroid (119)
[2017.06.29-16.53.36:361][896]LogModuleManager: Shutting down and abandoning module AudioFormatOpus (117)
[2017.06.29-16.53.36:361][896]LogModuleManager: Shutting down and abandoning module AudioFormatOgg (115)
[2017.06.29-16.53.36:361][896]LogModuleManager: Shutting down and abandoning module AudioFormatADPCM (113)
[2017.06.29-16.53.36:361][896]LogModuleManager: Shutting down and abandoning module LinuxTargetPlatform (111)
[2017.06.29-16.53.36:361][896]LogModuleManager: Shutting down and abandoning module LinuxServerTargetPlatform (109)
[2017.06.29-16.53.36:361][896]LogModuleManager: Shutting down and abandoning module LinuxNoEditorTargetPlatform (107)
[2017.06.29-16.53.36:361][896]LogModuleManager: Shutting down and abandoning module LinuxClientTargetPlatform (105)
[2017.06.29-16.53.36:361][896]LogModuleManager: Shutting down and abandoning module TVOSTargetPlatform (103)
[2017.06.29-16.53.36:361][896]LogModuleManager: Shutting down and abandoning module Messaging (101)
[2017.06.29-16.53.36:361][896]LogModuleManager: Shutting down and abandoning module IOSTargetPlatform (99)
[2017.06.29-16.53.36:361][896]LogModuleManager: Shutting down and abandoning module HTML5TargetPlatform (97)
[2017.06.29-16.53.36:361][896]LogModuleManager: Shutting down and abandoning module Android_PVRTCTargetPlatform (95)
[2017.06.29-16.53.36:361][896]LogModuleManager: Shutting down and abandoning module Android_MultiTargetPlatform (93)
[2017.06.29-16.53.36:361][896]LogModuleManager: Shutting down and abandoning module Android_ETC2TargetPlatform (91)
[2017.06.29-16.53.36:361][896]LogModuleManager: Shutting down and abandoning module Android_ETC1TargetPlatform (89)
[2017.06.29-16.53.36:361][896]LogModuleManager: Shutting down and abandoning module Android_DXTTargetPlatform (87)
[2017.06.29-16.53.36:361][896]LogModuleManager: Shutting down and abandoning module Android_ATCTargetPlatform (85)
[2017.06.29-16.53.36:361][896]LogModuleManager: Shutting down and abandoning module Android_ASTCTargetPlatform (83)
[2017.06.29-16.53.36:361][896]LogModuleManager: Shutting down and abandoning module AndroidTargetPlatform (81)
[2017.06.29-16.53.36:361][896]LogModuleManager: Shutting down and abandoning module WindowsTargetPlatform (79)
[2017.06.29-16.53.36:361][896]LogModuleManager: Shutting down and abandoning module WindowsServerTargetPlatform (77)
[2017.06.29-16.53.36:361][896]LogModuleManager: Shutting down and abandoning module WindowsNoEditorTargetPlatform (75)
[2017.06.29-16.53.36:361][896]LogModuleManager: Shutting down and abandoning module WindowsClientTargetPlatform (73)
[2017.06.29-16.53.36:361][896]LogModuleManager: Shutting down and abandoning module MacTargetPlatform (71)
[2017.06.29-16.53.36:361][896]LogModuleManager: Shutting down and abandoning module MacServerTargetPlatform (69)
[2017.06.29-16.53.36:361][896]LogModuleManager: Shutting down and abandoning module MacNoEditorTargetPlatform (67)
[2017.06.29-16.53.36:361][896]LogModuleManager: Shutting down and abandoning module MacClientTargetPlatform (65)
[2017.06.29-16.53.36:361][896]LogModuleManager: Shutting down and abandoning module AllDesktopTargetPlatform (63)
[2017.06.29-16.53.36:361][896]LogModuleManager: Shutting down and abandoning module InputCore (60)
[2017.06.29-16.53.36:361][896]LogModuleManager: Shutting down and abandoning module Settings (58)
[2017.06.29-16.53.36:361][896]LogModuleManager: Shutting down and abandoning module OculusRift (56)
[2017.06.29-16.53.36:361][896]LogModuleManager: Shutting down and abandoning module GearVRController (54)
[2017.06.29-16.53.36:361][896]LogModuleManager: Shutting down and abandoning module GearVR (52)
[2017.06.29-16.53.36:361][896]LogModuleManager: Shutting down and abandoning module ExampleDeviceProfileSelector (50)
[2017.06.29-16.53.36:362][896]LogModuleManager: Shutting down and abandoning module OnlineBlueprintSupport (48)
[2017.06.29-16.53.36:362][896]LogModuleManager: Shutting down and abandoning module OnlineSubsystem (44)
[2017.06.29-16.53.36:362][896]LogOnline:Display: Unloading online subsystem: NULL
[2017.06.29-16.53.36:362][896]LogModuleManager: Shutting down and abandoning module XMPP (43)
[2017.06.29-16.53.36:362][896]LogModuleManager: Shutting down and abandoning module HTTP (41)
[2017.06.29-16.53.36:362][896]LogHttp:Display: Http module shutting down, but needs to wait on 1 outstanding Http requests:
[2017.06.29-16.53.36:362][896]LogHttp:Display: 	verb=[POST] url=[https://datarouter.ol.epicgames.com/datarouter/api/v1/public/data?SessionID=%7B43D59EA2-4DCE-8D10-3905-53BD2F6B1DCB%7D&AppID=UEEditor.Rocket.Release&AppVersion=4.16.1-3466753%2B%2B%2BUE4%2BRelease-4.16&UserID=0e976fee454c232f7c6ff18c9e967bf0%7C079c9c246ca64c17a27e1acc890229df%7C66cac19a-25c5-4ab5-8496-264e1db5db39&AppEnvironment=datacollector-binary&UploadType=eteventstream] status=Processing
[2017.06.29-16.53.36:371][896]LogModuleManager: Shutting down and abandoning module SSL (40)
[2017.06.29-16.53.36:373][896]LogModuleManager: Shutting down and abandoning module HTTPChunkInstaller (36)
[2017.06.29-16.53.36:373][896]LogModuleManager: Shutting down and abandoning module AnimationModifiers (34)
[2017.06.29-16.53.36:373][896]LogModuleManager: Shutting down and abandoning module PropertyEditor (33)
[2017.06.29-16.53.36:373][896]LogModuleManager: Shutting down and abandoning module AudioEditor (30)
[2017.06.29-16.53.36:373][896]LogModuleManager: Shutting down and abandoning module TextureCompressor (28)
[2017.06.29-16.53.36:373][896]LogModuleManager: Shutting down and abandoning module ShaderCore (26)
[2017.06.29-16.53.36:373][896]LogModuleManager: Shutting down and abandoning module Landscape (24)
[2017.06.29-16.53.36:373][896]LogModuleManager: Shutting down and abandoning module SlateRHIRenderer (22)
[2017.06.29-16.53.36:374][896]LogModuleManager: Shutting down and abandoning module OpenGLDrv (20)
[2017.06.29-16.53.36:374][896]LogModuleManager: Shutting down and abandoning module D3D11RHI (18)
[2017.06.29-16.53.36:374][896]LogModuleManager: Shutting down and abandoning module AnimGraphRuntime (16)
[2017.06.29-16.53.36:374][896]LogModuleManager: Shutting down and abandoning module Renderer (14)
[2017.06.29-16.53.36:374][896]LogModuleManager: Shutting down and abandoning module Engine (12)
[2017.06.29-16.53.36:374][896]LogModuleManager: Shutting down and abandoning module CoreUObject (10)
[2017.06.29-16.53.36:374][896]LogModuleManager: Shutting down and abandoning module NetworkFile (8)
[2017.06.29-16.53.36:374][896]LogModuleManager: Shutting down and abandoning module StreamingFile (6)
[2017.06.29-16.53.36:374][896]LogModuleManager: Shutting down and abandoning module SandboxFile (4)
[2017.06.29-16.53.36:374][896]LogModuleManager: Shutting down and abandoning module PakFile (2)
[2017.06.29-16.53.36:376][896]LogExit: Exiting.
[2017.06.29-16.53.36:389][896]Log file closed, 06/29/17 12:53:36
